info: Usuario autenticado correctamente
info: Perfil del usuario obtenido correctamente
info: Productos renderizados correctamente
info: Carrito renderizado correctamente
info: Carrito renderizado correctamente
info: Productos renderizados correctamente
info: Carrito renderizado correctamente
info: Productos renderizados correctamente
info: Carrito renderizado correctamente
info: Carrito renderizado correctamente
fatal: Uy no este error si que es peligrosooo!!!
error: Revisa de nuevo ya que es grave
warning: Brother checale bien!!
info: Esto solo es un aviso informativo
http: Papito solo es un HTTP
debug: Solo es un debug
info: Conectados a la Base de datos
info: Usuario registrado correctamente
info: Perfil del usuario obtenido correctamente
info: Productos renderizados correctamente
info: Carrito renderizado correctamente
info: Productos renderizados correctamente
info: Carrito renderizado correctamente
info: Productos renderizados correctamente
info: Carrito renderizado correctamente
info: Carrito renderizado correctamente
info: Productos renderizados correctamente
info: Usuario cerró sesión correctamente
info: Autenticación con GitHub exitosa
info: Perfil del usuario obtenido correctamente
info: Usuario cerró sesión correctamente
info: Conectados a la Base de datos
info: Conectados a la Base de datos
info: Conectados a la Base de datos
info: Conectados a la Base de datos
info: Conectados a la Base de datos
info: Conectados a la Base de datos
info: Conectados a la Base de datos
info: Conectados a la Base de datos
info: Conectados a la Base de datos
info: Conectados a la Base de datos
info: Usuario autenticado correctamente
info: Perfil del usuario obtenido correctamente
info: Usuario cerró sesión correctamente
info: Usuario autenticado correctamente
info: Perfil del usuario obtenido correctamente
info: Conectados a la Base de datos
info: Conectados a la Base de datos
info: Conectados a la Base de datos
info: Conectados a la Base de datos
info: Usuario cerró sesión correctamente
info: Usuario autenticado correctamente
info: Perfil del usuario obtenido correctamente
info: Conectados a la Base de datos
info: Conectados a la Base de datos
info: Conectados a la Base de datos
info: Conectados a la Base de datos
info: Usuario cerró sesión correctamente
info: Usuario autenticado correctamente
info: Perfil del usuario obtenido correctamente
info: Conectados a la Base de datos
info: Productos obtenidos correctamente
info: Conectados a la Base de datos
info: Conectados a la Base de datos
info: Usuario autenticado correctamente
info: Perfil del usuario obtenido correctamente
info: Usuario cerró sesión correctamente
info: Usuario autenticado correctamente
info: Perfil del usuario obtenido correctamente
info: Conectados a la Base de datos
info: Conectados a la Base de datos
info: Usuario cerró sesión correctamente
info: Usuario autenticado correctamente
info: Perfil del usuario obtenido correctamente
info: Usuario cerró sesión correctamente
info: Usuario autenticado correctamente
info: Perfil del usuario obtenido correctamente
info: Conectados a la Base de datos
info: Usuario cerró sesión correctamente
info: Usuario autenticado correctamente
info: Perfil del usuario obtenido correctamente
info: Usuario cerró sesión correctamente
info: Usuario autenticado correctamente
info: Perfil del usuario obtenido correctamente
info: Usuario cerró sesión correctamente
info: Usuario autenticado correctamente
info: Perfil del usuario obtenido correctamente
info: Conectados a la Base de datos
info: Vista de productos en tiempo real renderizada correctamente
info: Usuario cerró sesión correctamente
info: Usuario autenticado correctamente
info: Perfil del usuario obtenido correctamente
info: Productos renderizados correctamente
info: Perfil del usuario obtenido correctamente
info: Usuario cerró sesión correctamente
info: Usuario autenticado correctamente
info: Perfil del usuario obtenido correctamente
info: Productos renderizados correctamente
info: Usuario cerró sesión correctamente
info: Usuario autenticado correctamente
info: Perfil del usuario obtenido correctamente
info: Conectados a la Base de datos
info: Perfil del usuario obtenido correctamente
info: Conectados a la Base de datos
info: Conectados a la Base de datos
info: Conectados a la Base de datos
info: Conectados a la Base de datos
info: Conectados a la Base de datos
info: Conectados a la Base de datos
info: Usuario cerró sesión correctamente
info: Usuario autenticado correctamente
info: Perfil del usuario obtenido correctamente
info: admin
info: Vista de productos en tiempo real renderizada correctamente
info: Perfil del usuario obtenido correctamente
info: Usuario cerró sesión correctamente
info: Usuario autenticado correctamente
info: Perfil del usuario obtenido correctamente
info: Conectados a la Base de datos
info: premium
info: Vista de productos en tiempo real renderizada correctamente
info: Productos renderizados correctamente
info: Perfil del usuario obtenido correctamente
info: premium
info: Vista de productos en tiempo real renderizada correctamente
info: premium
info: Vista de productos en tiempo real renderizada correctamente
info: premium
info: Vista de productos en tiempo real renderizada correctamente
info: premium
info: Vista de productos en tiempo real renderizada correctamente
info: Conectados a la Base de datos
info: Usuario autenticado correctamente
info: Perfil del usuario obtenido correctamente
info: Productos renderizados correctamente
info: Productos renderizados correctamente
info: Productos renderizados correctamente
info: Productos renderizados correctamente
info: Productos renderizados correctamente
info: Carrito renderizado correctamente
info: Carrito renderizado correctamente
info: Productos renderizados correctamente
info: Perfil del usuario obtenido correctamente
info: premium
info: Vista de productos en tiempo real renderizada correctamente
info: premium
info: Vista de productos en tiempo real renderizada correctamente
info: premium
info: Vista de productos en tiempo real renderizada correctamente
info: Perfil del usuario obtenido correctamente
info: premium
info: Vista de productos en tiempo real renderizada correctamente
info: Perfil del usuario obtenido correctamente
info: Productos renderizados correctamente
info: Productos renderizados correctamente
info: Productos renderizados correctamente
info: Productos renderizados correctamente
info: Productos renderizados correctamente
info: Carrito renderizado correctamente
info: Productos renderizados correctamente
info: Perfil del usuario obtenido correctamente
info: premium
info: Vista de productos en tiempo real renderizada correctamente
info: Perfil del usuario obtenido correctamente
info: Usuario cerró sesión correctamente
info: Usuario autenticado correctamente
info: Perfil del usuario obtenido correctamente
info: admin
info: Vista de productos en tiempo real renderizada correctamente
info: Conectados a la Base de datos
info: admin
info: Vista de productos en tiempo real renderizada correctamente
info: admin
info: Vista de productos en tiempo real renderizada correctamente
info: Perfil del usuario obtenido correctamente
info: admin
info: Vista de productos en tiempo real renderizada correctamente
info: Perfil del usuario obtenido correctamente
info: Usuario cerró sesión correctamente
info: Usuario autenticado correctamente
info: Perfil del usuario obtenido correctamente
info: premium
info: Vista de productos en tiempo real renderizada correctamente
info: premium
info: Vista de productos en tiempo real renderizada correctamente
info: Conectados a la Base de datos
info: Conectados a la Base de datos
info: Conectados a la Base de datos
info: Conectados a la Base de datos
info: Conectados a la Base de datos
info: Conectados a la Base de datos
info: Conectados a la Base de datos
info: premium
info: Vista de productos en tiempo real renderizada correctamente
info: Conectados a la Base de datos
info: Conectados a la Base de datos
info: Conectados a la Base de datos
info: Conectados a la Base de datos
info: Conectados a la Base de datos
info: Conectados a la Base de datos
info: Conectados a la Base de datos
info: Conectados a la Base de datos
info: Conectados a la Base de datos
info: Conectados a la Base de datos
info: Conectados a la Base de datos
info: Conectados a la Base de datos
info: Conectados a la Base de datos
info: Conectados a la Base de datos
info: Conectados a la Base de datos
info: Conectados a la Base de datos
info: premium
info: Vista de productos en tiempo real renderizada correctamente
info: Conectados a la Base de datos
info: premium
info: Vista de productos en tiempo real renderizada correctamente
info: Perfil del usuario obtenido correctamente
info: Usuario cerró sesión correctamente
info: Usuario autenticado correctamente
info: Perfil del usuario obtenido correctamente
info: Perfil del usuario obtenido correctamente
info: Usuario cerró sesión correctamente
info: Usuario autenticado correctamente
info: Perfil del usuario obtenido correctamente
info: premium
info: Vista de productos en tiempo real renderizada correctamente
info: Productos obtenidos correctamente
info: Conectados a la Base de datos
info: Conectados a la Base de datos
info: Conectados a la Base de datos
info: premium
info: Vista de productos en tiempo real renderizada correctamente
info: Conectados a la Base de datos
info: Conectados a la Base de datos
info: Conectados a la Base de datos
info: Conectados a la Base de datos
info: Conectados a la Base de datos
info: Conectados a la Base de datos
info: Conectados a la Base de datos
info: Conectados a la Base de datos
info: Conectados a la Base de datos
info: Conectados a la Base de datos
info: Conectados a la Base de datos
info: Conectados a la Base de datos
info: Conectados a la Base de datos
info: Conectados a la Base de datos
info: Conectados a la Base de datos
info: Conectados a la Base de datos
info: Conectados a la Base de datos
info: Conectados a la Base de datos
info: Conectados a la Base de datos
info: Conectados a la Base de datos
info: Conectados a la Base de datos
info: Conectados a la Base de datos
info: Conectados a la Base de datos
info: Conectados a la Base de datos
info: premium
info: Vista de productos en tiempo real renderizada correctamente
info: Perfil del usuario obtenido correctamente
info: Usuario cerró sesión correctamente
info: Usuario autenticado correctamente
info: Perfil del usuario obtenido correctamente
info: admin
info: Vista de productos en tiempo real renderizada correctamente
info: admin
info: Vista de productos en tiempo real renderizada correctamente
info: Conectados a la Base de datos
info: Conectados a la Base de datos
info: Conectados a la Base de datos
info: Conectados a la Base de datos
info: Conectados a la Base de datos
info: Conectados a la Base de datos
info: Conectados a la Base de datos
info: Conectados a la Base de datos
info: Conectados a la Base de datos
info: Conectados a la Base de datos
info: Perfil del usuario obtenido correctamente
info: Usuario cerró sesión correctamente
info: Usuario autenticado correctamente
info: Perfil del usuario obtenido correctamente
info: Conectados a la Base de datos
info: Perfil del usuario obtenido correctamente
info: Usuario cerró sesión correctamente
info: Usuario autenticado correctamente
info: Perfil del usuario obtenido correctamente
info: Conectados a la Base de datos
info: Perfil del usuario obtenido correctamente
info: Usuario cerró sesión correctamente
info: Usuario autenticado correctamente
info: Perfil del usuario obtenido correctamente
info: Vista de productos en tiempo real renderizada correctamente
info: Conectados a la Base de datos
info: Vista de productos en tiempo real renderizada correctamente
info: Conectados a la Base de datos
info: Perfil del usuario obtenido correctamente
info: Usuario cerró sesión correctamente
info: Usuario autenticado correctamente
info: Perfil del usuario obtenido correctamente
info: Perfil del usuario obtenido correctamente
info: Usuario cerró sesión correctamente
info: Usuario autenticado correctamente
info: Perfil del usuario obtenido correctamente
info: Vista de productos en tiempo real renderizada correctamente
info: Perfil del usuario obtenido correctamente
info: Usuario cerró sesión correctamente
info: Usuario autenticado correctamente
info: Perfil del usuario obtenido correctamente
info: Vista de productos en tiempo real renderizada correctamente
info: Perfil del usuario obtenido correctamente
info: Usuario cerró sesión correctamente
info: Usuario autenticado correctamente
info: Perfil del usuario obtenido correctamente
info: Productos renderizados correctamente
info: Productos renderizados correctamente
info: Productos renderizados correctamente
info: Productos renderizados correctamente
info: Carrito renderizado correctamente
info: Conectados a la Base de datos
info: Carrito renderizado correctamente
info: Productos renderizados correctamente
info: Productos renderizados correctamente
info: Productos renderizados correctamente
info: Productos renderizados correctamente
info: Conectados a la Base de datos
info: Productos renderizados correctamente
info: Productos renderizados correctamente
info: Productos renderizados correctamente
info: Perfil del usuario obtenido correctamente
info: Usuario cerró sesión correctamente
info: Usuario autenticado correctamente
info: Perfil del usuario obtenido correctamente
info: Productos renderizados correctamente
info: Productos renderizados correctamente
info: Productos renderizados correctamente
info: Productos renderizados correctamente
info: Carrito renderizado correctamente
info: Productos renderizados correctamente
info: Perfil del usuario obtenido correctamente
info: Usuario cerró sesión correctamente
info: Usuario autenticado correctamente
info: Perfil del usuario obtenido correctamente
info: Vista de productos en tiempo real renderizada correctamente
info: Vista de productos en tiempo real renderizada correctamente
info: Vista de productos en tiempo real renderizada correctamente
info: Vista de productos en tiempo real renderizada correctamente
